ark
bridge-utils
caprine
cmatrix
dialog
discord
dmenu
dnsmasq
dunst
feh
findutils
firewalld
fish
fisher
haruna
haveged
htop
i3-gaps
i3blocks
i3status
imagemagick
inetutils
iptables-nft
itstool
keepassxc
lightdm
lightdm-gtk-greeter
lightdm-webkit-theme-aether
lightdm-webkit2-greeter
linux-firmware
linux-zen
linux-zen-headers
lxappearance
mpv
neofetch
net-tools
network-manager-applet
networkmanager
noto-fonts-emoji
ntfs-3g
numlockx
os-prober
pamixer
papirus-icon-theme
pavucontrol
playerctl
polybar
psensor
pulseaudio
py3status
qbittorrent
qemu
reflector
rofi
samba
smartmontools
stress
tex-gyre-fonts
thunar
traceroute
ttf-fantasque-sans-mono
ttf-font-awesome
ttf-iosevka-nerd
ttf-mac-fonts
ttf-ubuntu-font-family
ttf-unifont
udiskie
unrar
vde2
vim
virt-manager
wireless_tools
wpa_supplicant
xclip
xdg-user-dirs
xdg-utils
xdotool
xorg-setxkbmap
xorg-xrandr
zscroll-git
